TN:
SF:/Users/carlessanzmateu/workspace/grocery-list-vue/src/components/Card.vue
FN:38,(anonymous_1)
FN:46,(anonymous_2)
FN:49,(anonymous_3)
FNF:3
FNH:3
FNDA:6,(anonymous_1)
FNDA:1,(anonymous_2)
FNDA:1,(anonymous_3)
DA:39,6
DA:47,1
DA:50,1
LF:3
LH:3
BRF:0
BRH:0
end_of_record
TN:
SF:/Users/carlessanzmateu/workspace/grocery-list-vue/src/components/CardList.vue
FN:29,(anonymous_1)
FN:32,(anonymous_2)
FNF:2
FNH:2
FNDA:1,(anonymous_1)
FNDA:1,(anonymous_2)
DA:15,3
DA:30,1
DA:33,1
LF:3
LH:3
BRF:0
BRH:0
end_of_record
TN:
SF:/Users/carlessanzmateu/workspace/grocery-list-vue/src/components/InlineCartCard.vue
FN:31,(anonymous_1)
FN:34,(anonymous_2)
FNF:2
FNH:2
FNDA:1,(anonymous_1)
FNDA:1,(anonymous_2)
DA:32,1
DA:35,1
LF:2
LH:2
BRF:0
BRH:0
end_of_record
TN:
SF:/Users/carlessanzmateu/workspace/grocery-list-vue/src/components/InlineCartCardList.vue
FN:35,(anonymous_1)
FN:41,(anonymous_2)
FN:49,(anonymous_3)
FN:52,(anonymous_4)
FNF:4
FNH:4
FNDA:7,(anonymous_1)
FNDA:12,(anonymous_2)
FNDA:1,(anonymous_3)
FNDA:1,(anonymous_4)
DA:19,3
DA:20,3
DA:36,7
DA:37,1
DA:39,6
DA:41,6
DA:42,12
DA:45,6
DA:50,1
DA:53,1
LF:10
LH:10
BRDA:36,0,0,1
BRDA:36,0,1,6
BRF:2
BRH:2
end_of_record
TN:
SF:/Users/carlessanzmateu/workspace/grocery-list-vue/src/shared/constants/api.routes.js
FN:6,(anonymous_0)
FN:10,(anonymous_1)
FNF:2
FNH:2
FNDA:5,(anonymous_0)
FNDA:2,(anonymous_1)
DA:2,2
DA:3,2
DA:4,2
DA:7,5
DA:11,2
DA:12,2
LF:6
LH:6
BRF:0
BRH:0
end_of_record
TN:
SF:/Users/carlessanzmateu/workspace/grocery-list-vue/src/shared/models/exchangeItem.js
FN:11,(anonymous_0)
FN:21,(anonymous_1)
FN:25,(anonymous_2)
FN:29,(anonymous_3)
FNF:4
FNH:4
FNDA:10,(anonymous_0)
FNDA:1,(anonymous_1)
FNDA:10,(anonymous_2)
FNDA:1,(anonymous_3)
DA:12,10
DA:13,10
DA:14,10
DA:15,10
DA:16,10
DA:17,10
DA:18,10
DA:22,1
DA:26,10
DA:30,1
LF:10
LH:10
BRDA:26,0,0,2
BRDA:26,0,1,8
BRF:2
BRH:2
end_of_record
TN:
SF:/Users/carlessanzmateu/workspace/grocery-list-vue/src/shared/models/item.js
FN:11,(anonymous_0)
FN:22,(anonymous_1)
FN:26,(anonymous_2)
FN:30,(anonymous_3)
FN:34,(anonymous_4)
FN:42,(anonymous_5)
FN:46,(anonymous_6)
FN:50,(anonymous_7)
FN:54,(anonymous_8)
FN:58,(anonymous_9)
FN:62,(anonymous_10)
FN:70,(anonymous_11)
FN:78,(anonymous_12)
FN:82,(anonymous_13)
FN:86,(anonymous_14)
FN:90,(anonymous_15)
FN:94,(anonymous_16)
FN:98,(anonymous_17)
FN:102,(anonymous_18)
FN:106,(anonymous_19)
FN:110,(anonymous_20)
FNF:21
FNH:21
FNDA:51,(anonymous_0)
FNDA:1,(anonymous_1)
FNDA:1,(anonymous_2)
FNDA:51,(anonymous_3)
FNDA:10,(anonymous_4)
FNDA:5,(anonymous_5)
FNDA:1,(anonymous_6)
FNDA:1,(anonymous_7)
FNDA:2,(anonymous_8)
FNDA:2,(anonymous_9)
FNDA:2,(anonymous_10)
FNDA:2,(anonymous_11)
FNDA:1,(anonymous_12)
FNDA:1,(anonymous_13)
FNDA:1,(anonymous_14)
FNDA:1,(anonymous_15)
FNDA:53,(anonymous_16)
FNDA:5,(anonymous_17)
FNDA:1,(anonymous_18)
FNDA:1,(anonymous_19)
FNDA:2,(anonymous_20)
DA:12,51
DA:13,51
DA:14,51
DA:15,51
DA:16,51
DA:17,51
DA:18,51
DA:19,51
DA:23,1
DA:27,1
DA:31,51
DA:35,10
DA:43,5
DA:47,1
DA:51,1
DA:55,2
DA:59,2
DA:63,2
DA:64,1
DA:67,1
DA:71,2
DA:72,1
DA:75,1
DA:79,1
DA:83,1
DA:87,1
DA:91,1
DA:95,53
DA:99,5
DA:103,1
DA:107,1
DA:111,2
LF:32
LH:32
BRDA:63,0,0,1
BRDA:63,0,1,1
BRDA:71,1,0,1
BRDA:71,1,1,1
BRF:4
BRH:4
end_of_record
TN:
SF:/Users/carlessanzmateu/workspace/grocery-list-vue/src/shared/services/grocery-list.service.js
FN:5,(anonymous_0)
FN:9,(anonymous_1)
FN:13,(anonymous_2)
FNF:3
FNH:3
FNDA:1,(anonymous_0)
FNDA:1,(anonymous_1)
FNDA:1,(anonymous_2)
DA:6,1
DA:10,1
DA:14,1
DA:15,1
LF:4
LH:4
BRF:0
BRH:0
end_of_record
TN:
SF:/Users/carlessanzmateu/workspace/grocery-list-vue/src/store/modules/groceries/actions.js
FN:6,(anonymous_0)
FN:8,(anonymous_1)
FN:14,(anonymous_2)
FN:16,(anonymous_3)
FN:22,(anonymous_4)
FNF:5
FNH:5
FNDA:2,(anonymous_0)
FNDA:2,(anonymous_1)
FNDA:2,(anonymous_2)
FNDA:2,(anonymous_3)
FNDA:1,(anonymous_4)
DA:7,2
DA:8,2
DA:10,2
DA:11,2
DA:15,2
DA:16,2
DA:18,2
DA:19,2
DA:23,1
DA:24,1
DA:26,1
LF:11
LH:11
BRF:0
BRH:0
end_of_record
TN:
SF:/Users/carlessanzmateu/workspace/grocery-list-vue/src/store/modules/groceries/mutations.js
FN:2,(anonymous_0)
FN:6,(anonymous_1)
FN:10,(anonymous_2)
FN:11,(anonymous_3)
FN:12,(anonymous_4)
FN:27,(anonymous_5)
FN:28,(anonymous_6)
FN:29,(anonymous_7)
FN:40,(anonymous_8)
FN:41,(anonymous_9)
FN:42,(anonymous_10)
FN:57,(anonymous_11)
FN:64,(anonymous_12)
FN:65,(anonymous_13)
FN:70,(anonymous_14)
FN:77,(anonymous_15)
FN:78,(anonymous_16)
FNF:17
FNH:17
FNDA:1,(anonymous_0)
FNDA:1,(anonymous_1)
FNDA:2,(anonymous_2)
FNDA:2,(anonymous_3)
FNDA:1,(anonymous_4)
FNDA:2,(anonymous_5)
FNDA:2,(anonymous_6)
FNDA:2,(anonymous_7)
FNDA:2,(anonymous_8)
FNDA:2,(anonymous_9)
FNDA:2,(anonymous_10)
FNDA:2,(anonymous_11)
FNDA:1,(anonymous_12)
FNDA:1,(anonymous_13)
FNDA:3,(anonymous_14)
FNDA:2,(anonymous_15)
FNDA:1,(anonymous_16)
DA:3,1
DA:7,1
DA:11,2
DA:12,2
DA:14,2
DA:16,2
DA:18,2
DA:19,1
DA:21,1
DA:24,1
DA:28,2
DA:29,2
DA:31,2
DA:32,1
DA:35,1
DA:36,1
DA:37,1
DA:41,2
DA:42,2
DA:44,2
DA:46,2
DA:48,2
DA:49,1
DA:51,1
DA:54,1
DA:58,2
DA:59,1
DA:62,1
DA:64,1
DA:65,1
DA:66,1
DA:71,3
DA:72,1
DA:75,2
DA:77,2
DA:78,2
DA:80,2
DA:81,1
DA:84,1
LF:39
LH:39
BRDA:18,0,0,1
BRDA:18,0,1,1
BRDA:31,1,0,1
BRDA:31,1,1,1
BRDA:48,2,0,1
BRDA:48,2,1,1
BRDA:58,3,0,1
BRDA:58,3,1,1
BRDA:71,4,0,1
BRDA:71,4,1,2
BRDA:80,5,0,1
BRDA:80,5,1,1
BRF:12
BRH:12
end_of_record
TN:
SF:/Users/carlessanzmateu/workspace/grocery-list-vue/src/views/cart/Cart.view.vue
FN:30,(anonymous_1)
FN:33,(anonymous_2)
FNF:2
FNH:2
FNDA:1,(anonymous_1)
FNDA:1,(anonymous_2)
DA:14,1
DA:15,1
DA:31,1
DA:34,1
LF:4
LH:4
BRF:0
BRH:0
end_of_record
TN:
SF:/Users/carlessanzmateu/workspace/grocery-list-vue/src/views/favorites/Favorites.view.vue
FN:22,(anonymous_1)
FN:34,(anonymous_2)
FN:37,(anonymous_3)
FNF:3
FNH:3
FNDA:5,(anonymous_1)
FNDA:1,(anonymous_2)
FNDA:1,(anonymous_3)
DA:14,1
DA:15,1
DA:23,5
DA:35,1
DA:38,1
LF:5
LH:5
BRF:0
BRH:0
end_of_record
TN:
SF:/Users/carlessanzmateu/workspace/grocery-list-vue/src/views/grocery-list/GroceryList.view.vue
FN:34,(anonymous_1)
FN:53,(anonymous_2)
FN:56,(anonymous_3)
FN:59,(anonymous_4)
FN:62,(anonymous_5)
FNF:5
FNH:5
FNDA:9,(anonymous_1)
FNDA:1,(anonymous_2)
FNDA:1,(anonymous_3)
FNDA:1,(anonymous_4)
FNDA:1,(anonymous_5)
DA:22,1
DA:23,1
DA:24,1
DA:25,1
DA:35,9
DA:54,1
DA:57,1
DA:60,1
DA:63,1
LF:9
LH:9
BRF:0
BRH:0
end_of_record
