TN:
SF:/Users/carlessanzmateu/workspace/grocery-list-vue/src/components/Card.vue
FN:38,(anonymous_1)
FN:46,(anonymous_2)
FN:49,(anonymous_3)
FNF:3
FNH:3
FNDA:6,(anonymous_1)
FNDA:1,(anonymous_2)
FNDA:1,(anonymous_3)
DA:39,6
DA:47,1
DA:50,1
LF:3
LH:3
BRF:0
BRH:0
end_of_record
TN:
SF:/Users/carlessanzmateu/workspace/grocery-list-vue/src/components/CardList.vue
FN:29,(anonymous_1)
FN:32,(anonymous_2)
FNF:2
FNH:2
FNDA:1,(anonymous_1)
FNDA:1,(anonymous_2)
DA:15,3
DA:30,1
DA:33,1
LF:3
LH:3
BRF:0
BRH:0
end_of_record
TN:
SF:/Users/carlessanzmateu/workspace/grocery-list-vue/src/components/InlineCartCard.vue
FN:31,(anonymous_1)
FN:34,(anonymous_2)
FNF:2
FNH:2
FNDA:1,(anonymous_1)
FNDA:1,(anonymous_2)
DA:32,1
DA:35,1
LF:2
LH:2
BRF:0
BRH:0
end_of_record
TN:
SF:/Users/carlessanzmateu/workspace/grocery-list-vue/src/components/InlineCartCardList.vue
FN:35,(anonymous_1)
FN:41,(anonymous_2)
FN:49,(anonymous_3)
FN:52,(anonymous_4)
FNF:4
FNH:4
FNDA:8,(anonymous_1)
FNDA:14,(anonymous_2)
FNDA:1,(anonymous_3)
FNDA:1,(anonymous_4)
DA:19,3
DA:20,3
DA:36,8
DA:37,1
DA:39,7
DA:41,7
DA:42,14
DA:45,7
DA:50,1
DA:53,1
LF:10
LH:10
BRDA:36,0,0,1
BRDA:36,0,1,7
BRF:2
BRH:2
end_of_record
TN:
SF:/Users/carlessanzmateu/workspace/grocery-list-vue/src/shared/constants/api.routes.js
FN:6,(anonymous_0)
FN:10,(anonymous_1)
FNF:2
FNH:2
FNDA:5,(anonymous_0)
FNDA:2,(anonymous_1)
DA:2,2
DA:3,2
DA:4,2
DA:7,5
DA:11,2
DA:12,2
LF:6
LH:6
BRF:0
BRH:0
end_of_record
TN:
SF:/Users/carlessanzmateu/workspace/grocery-list-vue/src/shared/models/exchangeItem.js
FN:11,(anonymous_0)
FN:21,(anonymous_1)
FN:25,(anonymous_2)
FNF:3
FNH:3
FNDA:7,(anonymous_0)
FNDA:1,(anonymous_1)
FNDA:7,(anonymous_2)
DA:12,7
DA:13,7
DA:14,7
DA:15,7
DA:16,7
DA:17,7
DA:18,7
DA:22,1
DA:26,7
LF:9
LH:9
BRDA:26,0,0,1
BRDA:26,0,1,6
BRF:2
BRH:2
end_of_record
TN:
SF:/Users/carlessanzmateu/workspace/grocery-list-vue/src/shared/models/item.js
FN:11,(anonymous_0)
FN:22,(anonymous_1)
FN:26,(anonymous_2)
FN:30,(anonymous_3)
FN:34,(anonymous_4)
FN:38,(anonymous_5)
FN:42,(anonymous_6)
FN:46,(anonymous_7)
FN:50,(anonymous_8)
FN:54,(anonymous_9)
FN:62,(anonymous_10)
FN:70,(anonymous_11)
FN:74,(anonymous_12)
FN:78,(anonymous_13)
FN:82,(anonymous_14)
FN:86,(anonymous_15)
FN:90,(anonymous_16)
FN:94,(anonymous_17)
FN:98,(anonymous_18)
FN:102,(anonymous_19)
FNF:20
FNH:20
FNDA:45,(anonymous_0)
FNDA:1,(anonymous_1)
FNDA:1,(anonymous_2)
FNDA:45,(anonymous_3)
FNDA:10,(anonymous_4)
FNDA:4,(anonymous_5)
FNDA:1,(anonymous_6)
FNDA:2,(anonymous_7)
FNDA:2,(anonymous_8)
FNDA:2,(anonymous_9)
FNDA:2,(anonymous_10)
FNDA:1,(anonymous_11)
FNDA:1,(anonymous_12)
FNDA:1,(anonymous_13)
FNDA:1,(anonymous_14)
FNDA:47,(anonymous_15)
FNDA:5,(anonymous_16)
FNDA:1,(anonymous_17)
FNDA:1,(anonymous_18)
FNDA:2,(anonymous_19)
DA:12,45
DA:13,45
DA:14,45
DA:15,45
DA:16,45
DA:17,45
DA:18,45
DA:19,45
DA:23,1
DA:27,1
DA:31,45
DA:35,10
DA:39,4
DA:43,1
DA:47,2
DA:51,2
DA:55,2
DA:56,1
DA:59,1
DA:63,2
DA:64,1
DA:67,1
DA:71,1
DA:75,1
DA:79,1
DA:83,1
DA:87,47
DA:91,5
DA:95,1
DA:99,1
DA:103,2
LF:31
LH:31
BRDA:55,0,0,1
BRDA:55,0,1,1
BRDA:63,1,0,1
BRDA:63,1,1,1
BRF:4
BRH:4
end_of_record
TN:
SF:/Users/carlessanzmateu/workspace/grocery-list-vue/src/shared/services/grocery-list.service.js
FN:5,(anonymous_0)
FN:9,(anonymous_1)
FN:13,(anonymous_2)
FNF:3
FNH:3
FNDA:1,(anonymous_0)
FNDA:1,(anonymous_1)
FNDA:1,(anonymous_2)
DA:6,1
DA:10,1
DA:14,1
DA:15,1
LF:4
LH:4
BRF:0
BRH:0
end_of_record
TN:
SF:/Users/carlessanzmateu/workspace/grocery-list-vue/src/store/modules/groceries/actions.js
FN:8,(anonymous_0)
FN:10,(anonymous_1)
FN:15,(anonymous_2)
FN:17,(anonymous_3)
FN:22,(anonymous_4)
FNF:5
FNH:0
FNDA:0,(anonymous_0)
FNDA:0,(anonymous_1)
FNDA:0,(anonymous_2)
FNDA:0,(anonymous_3)
FNDA:0,(anonymous_4)
DA:5,0
DA:9,0
DA:10,0
DA:12,0
DA:16,0
DA:17,0
DA:19,0
DA:23,0
DA:24,0
DA:26,0
LF:10
LH:0
BRF:0
BRH:0
end_of_record
TN:
SF:/Users/carlessanzmateu/workspace/grocery-list-vue/src/store/modules/groceries/mutations.js
FN:2,(anonymous_0)
FN:6,(anonymous_1)
FN:10,(anonymous_2)
FN:11,(anonymous_3)
FN:12,(anonymous_4)
FN:27,(anonymous_5)
FN:28,(anonymous_6)
FN:29,(anonymous_7)
FN:40,(anonymous_8)
FN:41,(anonymous_9)
FN:42,(anonymous_10)
FNF:11
FNH:11
FNDA:1,(anonymous_0)
FNDA:1,(anonymous_1)
FNDA:2,(anonymous_2)
FNDA:2,(anonymous_3)
FNDA:1,(anonymous_4)
FNDA:2,(anonymous_5)
FNDA:2,(anonymous_6)
FNDA:2,(anonymous_7)
FNDA:2,(anonymous_8)
FNDA:2,(anonymous_9)
FNDA:2,(anonymous_10)
DA:3,1
DA:7,1
DA:11,2
DA:12,2
DA:14,2
DA:16,2
DA:18,2
DA:19,1
DA:21,1
DA:24,1
DA:28,2
DA:29,2
DA:31,2
DA:32,1
DA:35,1
DA:36,1
DA:37,1
DA:41,2
DA:42,2
DA:44,2
DA:46,2
DA:48,2
DA:49,1
DA:51,1
DA:54,1
LF:25
LH:25
BRDA:18,0,0,1
BRDA:18,0,1,1
BRDA:31,1,0,1
BRDA:31,1,1,1
BRDA:48,2,0,1
BRDA:48,2,1,1
BRF:6
BRH:6
end_of_record
TN:
SF:/Users/carlessanzmateu/workspace/grocery-list-vue/src/views/cart/Cart.view.vue
FN:30,(anonymous_1)
FN:33,(anonymous_2)
FNF:2
FNH:2
FNDA:1,(anonymous_1)
FNDA:1,(anonymous_2)
DA:14,1
DA:15,1
DA:31,1
DA:34,1
LF:4
LH:4
BRF:0
BRH:0
end_of_record
TN:
SF:/Users/carlessanzmateu/workspace/grocery-list-vue/src/views/favorites/Favorites.view.vue
FN:22,(anonymous_1)
FN:34,(anonymous_2)
FN:37,(anonymous_3)
FNF:3
FNH:3
FNDA:5,(anonymous_1)
FNDA:1,(anonymous_2)
FNDA:1,(anonymous_3)
DA:14,1
DA:15,1
DA:23,5
DA:35,1
DA:38,1
LF:5
LH:5
BRF:0
BRH:0
end_of_record
TN:
SF:/Users/carlessanzmateu/workspace/grocery-list-vue/src/views/grocery-list/GroceryList.view.vue
FN:34,(anonymous_1)
FN:53,(anonymous_2)
FN:56,(anonymous_3)
FN:59,(anonymous_4)
FN:62,(anonymous_5)
FNF:5
FNH:5
FNDA:9,(anonymous_1)
FNDA:1,(anonymous_2)
FNDA:1,(anonymous_3)
FNDA:1,(anonymous_4)
FNDA:1,(anonymous_5)
DA:22,1
DA:23,1
DA:24,1
DA:25,1
DA:35,9
DA:54,1
DA:57,1
DA:60,1
DA:63,1
LF:9
LH:9
BRF:0
BRH:0
end_of_record
